<?xml version="1.0" encoding="UTF-8"?>
<!-- Generated by org.testng.reporters.JUnitXMLReporter -->
<testsuite ignored="0" hostname="LAPTOP-6BNLH7JG" failures="0" tests="5" name="OMEndtoEnd" time="0.104" errors="0" timestamp="2022-07-08T15:24:39 IST">
  <testcase classname="testNG.InitiateOrderPage" name="customerDetails" time="0.016"/>
  <testcase classname="testNG.InitiateOrderPage" name="proceedToPCPage" time="0.002"/>
  <testcase classname="testNG.ProductConfigPage" name="addProducts" time="0.002"/>
  <testcase classname="testNG.ProductConfigPage" name="seamlessSwitch" time="0.003"/>
  <testcase classname="testNG.OrderSubmissionPage" name="submit" time="0.003"/>
</testsuite> <!-- OMEndtoEnd -->
