<?xml version="1.0" encoding="UTF-8"?>
<!-- Generated by org.testng.reporters.JUnitXMLReporter -->
<testsuite ignored="0" hostname="LAPTOP-6BNLH7JG" failures="0" tests="7" name="regression" time="0.078" errors="0" timestamp="2022-07-08T20:11:55 IST">
  <testcase classname="testNG.InitiateOrderPage" name="customerDetails" time="0.011"/>
  <testcase classname="testNG.InitiateOrderPage" name="proceedToPCPage" time="0.002"/>
  <testcase classname="testNG.OrderSubmissionPage" name="submit" time="0.002"/>
  <testcase classname="testNG.ProductConfigPage" name="addProducts" time="0.001"/>
  <testcase classname="testNG.ProductConfigPage" name="pricinglob" time="0.002"/>
  <testcase classname="testNG.ProductConfigPage" name="pricingorder" time="0.001"/>
  <testcase classname="testNG.ProductConfigPage" name="seamlessSwitch" time="0.002"/>
</testsuite> <!-- regression -->
