<?xml version="1.0" encoding="UTF-8"?>
<!-- Generated by org.testng.reporters.JUnitXMLReporter -->
<testsuite ignored="1" hostname="LAPTOP-6BNLH7JG" failures="0" tests="4" name="ParametersTesting" time="0.133" errors="0" timestamp="2022-07-11T11:58:13 IST">
  <testcase classname="testNG.ProductConfigPage" name="addProducts" time="0.014"/>
  <testcase classname="testNG.ProductConfigPage" name="parametersTest" time="0.004"/>
  <testcase classname="testNG.ProductConfigPage" name="pricinglob" time="0.012"/>
  <testcase classname="testNG.ProductConfigPage" name="pricingorder" time="0.003"/>
  <testcase classname="testNG.ProductConfigPage" name="seamlessSwitch" time="0.0">
    <ignored/>
  </testcase> <!-- seamlessSwitch -->
</testsuite> <!-- ParametersTesting -->
