<?xml version="1.0" encoding="UTF-8"?>
<!-- Generated by org.testng.reporters.JUnitXMLReporter -->
<testsuite ignored="2" hostname="LAPTOP-6BNLH7JG" failures="0" tests="2" name="PCPage" time="0.103" errors="0" timestamp="2022-07-11T11:44:20 IST">
  <testcase classname="testNG.ProductConfigPage" name="pricinglob" time="0.014"/>
  <testcase classname="testNG.ProductConfigPage" name="pricingorder" time="0.002"/>
  <testcase classname="testNG.ProductConfigPage" name="seamlessSwitch" time="0.0">
    <ignored/>
  </testcase> <!-- seamlessSwitch -->
  <testcase classname="testNG.ProductConfigPage" name="addProducts" time="0.0">
    <ignored/>
  </testcase> <!-- addProducts -->
</testsuite> <!-- PCPage -->
